[0;35m[2025-07-04 22:22:28] [HEADER][0m Initializing qOracle Production Monitor - qduction Environment
[0;32m[2025-07-04 22:22:28] [SUCCESS][0m Monitoring assets:
[0;34m[2025-07-04 22:22:28] [INFO][0m BANKON PYTHAI: BKPY_f859236bc1f1983568c64c558ac2e972
[0;34m[2025-07-04 22:22:28] [INFO][0m qBTC: qBTC_68358a94a1f72b1e07633a1798613089
[0;34m[2025-07-04 22:22:28] [INFO][0m qUSD: qUSD_49a8516ff74bc3a6b945be336aefbc6f
[0;32m[2025-07-04 22:22:28] [SUCCESS][0m Monitor PID: 22527
[0;35m[2025-07-04 22:22:28] [HEADER][0m Starting qOracle Production Monitor - qduction Environment
[0;34m[2025-07-04 22:22:28] [INFO][0m Monitor interval: 60s
[0;34m[2025-07-04 22:22:28] [INFO][0m === Monitoring Cycle ===
[0;34m[2025-07-04 22:22:28] [INFO][0m Performing health check...
[0;34m[2025-07-04 22:22:28] [INFO][0m Checking current tick...
[1;33m[2025-07-04 22:22:28] [WARNING][0m Cannot connect to Qubic node
[0;34m[2025-07-04 22:22:28] [INFO][0m Checking system info...
[1;33m[2025-07-04 22:22:28] [WARNING][0m Cannot get system info
[0;34m[2025-07-04 22:22:28] [INFO][0m Checking QX fee...
[1;33m[2025-07-04 22:22:28] [WARNING][0m Cannot get QX fee
[0;32m[2025-07-04 22:22:28] [SUCCESS][0m Health check completed
[0;34m[2025-07-04 22:22:28] [INFO][0m Monitoring QX assets...
[0;34m[2025-07-04 22:22:28] [INFO][0m Checking BANKON PYTHAI asset: BKPY_f859236bc1f1983568c64c558ac2e972
[0;34m[2025-07-04 22:22:28] [INFO][0m Checking qBTC asset: qBTC_68358a94a1f72b1e07633a1798613089
[0;34m[2025-07-04 22:22:28] [INFO][0m Checking qUSD asset: qUSD_49a8516ff74bc3a6b945be336aefbc6f
[0;32m[2025-07-04 22:22:28] [SUCCESS][0m Asset monitoring completed
[0;34m[2025-07-04 22:22:28] [INFO][0m Checking oracle committee health...
[0;34m[2025-07-04 22:22:28] [INFO][0m Oracle 1: ACTIVE
[0;34m[2025-07-04 22:22:28] [INFO][0m Oracle 2: ACTIVE
[0;34m[2025-07-04 22:22:28] [INFO][0m Oracle 3: ACTIVE
[0;34m[2025-07-04 22:22:28] [INFO][0m Oracle 4: ACTIVE
[0;34m[2025-07-04 22:22:28] [INFO][0m Oracle 5: ACTIVE
[0;34m[2025-07-04 22:22:28] [INFO][0m Oracle 6: ACTIVE
[0;34m[2025-07-04 22:22:28] [INFO][0m Oracle 7: ACTIVE
[0;34m[2025-07-04 22:22:28] [INFO][0m Quorum threshold: 4-of-7
[0;34m[2025-07-04 22:22:28] [INFO][0m Quantum resistance: ACTIVE (Dilithium3)
[0;32m[2025-07-04 22:22:28] [SUCCESS][0m Oracle committee check completed
[0;34m[2025-07-04 22:22:28] [INFO][0m Monitoring cross-chain bridge...
[0;34m[2025-07-04 22:22:28] [INFO][0m Bridge liquidity: ACTIVE
[0;34m[2025-07-04 22:22:28] [INFO][0m Daily swap volume: MONITORING
[0;34m[2025-07-04 22:22:28] [INFO][0m Bridge security: ACTIVE
[0;34m[2025-07-04 22:22:28] [INFO][0m Supported pairs: STX ↔ qBTC
[0;32m[2025-07-04 22:22:28] [SUCCESS][0m Bridge monitoring completed
[0;34m[2025-07-04 22:22:28] [INFO][0m Monitoring governance...
[0;34m[2025-07-04 22:22:28] [INFO][0m Active proposals: 0
[0;34m[2025-07-04 22:22:28] [INFO][0m Multisig threshold: 3-of-N
[0;34m[2025-07-04 22:22:28] [INFO][0m Execution queue: EMPTY
[0;34m[2025-07-04 22:22:28] [INFO][0m Emergency procedures: READY
[0;32m[2025-07-04 22:22:29] [SUCCESS][0m Governance monitoring completed
[0;34m[2025-07-04 22:22:29] [INFO][0m Monitoring security status...
[0;34m[2025-07-04 22:22:29] [INFO][0m Quantum resistance: ACTIVE (Dilithium3)
[0;34m[2025-07-04 22:22:29] [INFO][0m Launch protection: ACTIVE
[0;34m[2025-07-04 22:22:29] [INFO][0m Admin keys: BURNED
[0;34m[2025-07-04 22:22:29] [INFO][0m Replay protection: ACTIVE
[0;34m[2025-07-04 22:22:29] [INFO][0m Overflow protection: ACTIVE
[0;32m[2025-07-04 22:22:29] [SUCCESS][0m Security monitoring completed
[0;34m[2025-07-04 22:22:29] [INFO][0m Monitoring QX contract...
[0;34m[2025-07-04 22:22:29] [INFO][0m QX contract index: 1
[0;34m[2025-07-04 22:22:29] [INFO][0m Asset management: ACTIVE
[0;34m[2025-07-04 22:22:29] [INFO][0m Order book: ACTIVE
[0;34m[2025-07-04 22:22:29] [INFO][0m Fee structure: ACTIVE
[0;32m[2025-07-04 22:22:29] [SUCCESS][0m QX contract monitoring completed
[0;34m[2025-07-04 22:22:29] [INFO][0m Checking for emergency conditions...
[0;34m[2025-07-04 22:22:29] [INFO][0m Circuit breaker: INACTIVE
[0;34m[2025-07-04 22:22:29] [INFO][0m Emergency multisig: READY
[0;34m[2025-07-04 22:22:29] [INFO][0m Daily volume: WITHIN LIMITS
[1;33m[2025-07-04 22:22:29] [WARNING][0m Node connectivity: DEGRADED
[0;32m[2025-07-04 22:22:29] [SUCCESS][0m Emergency check completed
[0;34m[2025-07-04 22:22:29] [INFO][0m Monitoring cycle completed. Sleeping for 60s...
[0;35m[2025-07-04 22:22:58] [HEADER][0m Shutting down qOracle Production Monitor
[0;32m[2025-07-04 22:22:58] [SUCCESS][0m Monitor shutdown complete
